  main.cpp
C:\Users\kyubi\source\repos\svo\svo\main.cpp(24,21): warning C4244: 'initializing': conversion from 'double' to 'float', possible loss of data
C:\Users\kyubi\source\repos\svo\svo\main.cpp(29,67): warning C4244: 'argument': conversion from 'float' to 'int', possible loss of data
C:\Users\kyubi\source\repos\svo\svo\main.cpp(29,56): warning C4244: 'argument': conversion from 'float' to 'int', possible loss of data
C:\Users\kyubi\source\repos\svo\svo\main.cpp(29,49): warning C4244: 'argument': conversion from 'float' to 'int', possible loss of data
C:\Users\kyubi\source\repos\svo\svo\main.cpp(29,42): warning C4244: 'argument': conversion from 'float' to 'int', possible loss of data
C:\Users\kyubi\source\repos\svo\svo\main.cpp(34,36): warning C4244: '=': conversion from 'float' to 'int', possible loss of data
C:\Users\kyubi\source\repos\svo\svo\main.cpp(35,36): warning C4244: '=': conversion from 'float' to 'int', possible loss of data
C:\Users\kyubi\source\repos\svo\svo\main.cpp(58,22): warning C4244: 'initializing': conversion from 'double' to 'float', possible loss of data
C:\Users\kyubi\source\repos\svo\svo\main.cpp(59,22): warning C4244: 'initializing': conversion from 'double' to 'float', possible loss of data
C:\Users\kyubi\source\repos\svo\svo\main.cpp(72,21): warning C4244: 'initializing': conversion from 'double' to 'float', possible loss of data
C:\Users\kyubi\source\repos\svo\svo\main.cpp(73,14): warning C4244: 'initializing': conversion from 'float' to 'int', possible loss of data
C:\Users\kyubi\source\repos\svo\svo\main.cpp(74,14): warning C4244: 'initializing': conversion from 'float' to 'int', possible loss of data
C:\Users\kyubi\source\repos\svo\svo\main.cpp(89,29): warning C4244: 'argument': conversion from 'float' to 'int', possible loss of data
C:\Users\kyubi\source\repos\svo\svo\main.cpp(89,22): warning C4244: 'argument': conversion from 'float' to 'int', possible loss of data
C:\Users\kyubi\source\repos\svo\svo\main.cpp(93,48): warning C4244: 'argument': conversion from 'float' to 'int', possible loss of data
C:\Users\kyubi\source\repos\svo\svo\main.cpp(93,41): warning C4244: 'argument': conversion from 'float' to 'int', possible loss of data
C:\Users\kyubi\source\repos\svo\svo\main.cpp(93,34): warning C4244: 'argument': conversion from 'float' to 'int', possible loss of data
C:\Users\kyubi\source\repos\svo\svo\main.cpp(93,21): warning C4244: 'argument': conversion from 'float' to 'int', possible loss of data
C:\Users\kyubi\source\repos\svo\svo\main.cpp(101,36): warning C4244: 'argument': conversion from 'float' to 'int', possible loss of data
C:\Users\kyubi\source\repos\svo\svo\main.cpp(101,23): warning C4244: 'argument': conversion from 'float' to 'int', possible loss of data
C:\Users\kyubi\source\repos\svo\svo\main.cpp(137,6): warning C4326: return type of 'main' should be 'int' instead of 'void'
  Generating code
  28 of 87 functions (32.2%) were compiled, the rest were copied from previous compilation.
    1 functions were new in current compilation
    0 functions had inline decision re-evaluated but remain unchanged
  Finished generating code
  svo.vcxproj -> C:\Users\kyubi\source\repos\svo\x64\Release\svo.exe
  'pwsh.exe' is not recognized as an internal or external command,
  operable program or batch file.
